#
# There is insufficient memory for the Java Runtime Environment to continue.
# Native memory allocation (mmap) failed to map 199229440 bytes. Error detail: G1 virtual space
# Possible reasons:
#   The system is out of physical RAM or swap space
#   This process is running with CompressedOops enabled, and the Java Heap may be blocking the growth of the native heap
# Possible solutions:
#   Reduce memory load on the system
#   Increase physical memory or swap space
#   Check if swap backing store is full
#   Decrease Java heap size (-Xmx/-Xms)
#   Decrease number of Java threads
#   Decrease Java thread stack sizes (-Xss)
#   Set larger code cache with -XX:ReservedCodeCacheSize=
#   JVM is running with Zero Based Compressed Oops mode in which the Java heap is
#     placed in the first 32GB address space. The Java Heap base address is the
#     maximum limit for the native heap growth. Please use -XX:HeapBaseMinAddress
#     to set the Java Heap base and to place the Java Heap above 32GB virtual address.
# This output file may be truncated or incomplete.
#
#  Out of Memory Error (os_windows.cpp:3631), pid=17748, tid=20600
#
# JRE version:  (22.0.1+8) (build )
# Java VM: Java HotSpot(TM) 64-Bit Server VM (22.0.1+8-16, mixed mode, sharing, tiered, compressed oops, compressed class ptrs, g1 gc, windows-amd64)
# No core dump will be written. Minidumps are not enabled by default on client versions of Windows
#

---------------  S U M M A R Y ------------

Command Line: -Dclassworlds.conf=C:\Program Files\apache-maven-3.6.1\bin\..\bin\m2.conf -Dmaven.home=C:\Program Files\apache-maven-3.6.1\bin\.. -Dlibrary.jansi.path=C:\Program Files\apache-maven-3.6.1\bin\..\lib\jansi-native -Dmaven.multiModuleProjectDirectory=G:\new_projects\product-service org.codehaus.plexus.classworlds.launcher.Launcher install

Host: Intel(R) Core(TM) i5-8250U CPU @ 1.60GHz, 8 cores, 11G,  Windows 11 , 64 bit Build 22621 (10.0.22621.3672)
Time: Wed Jul  3 20:41:23 2024 India Standard Time elapsed time: 0.014381 seconds (0d 0h 0m 0s)

---------------  T H R E A D  ---------------

Current thread (0x000001f757e8b6c0):  JavaThread "Unknown thread" [_thread_in_vm, id=20600, stack(0x000000d14bf00000,0x000000d14c000000) (1024K)]

Stack: [0x000000d14bf00000,0x000000d14c000000]
Native frames: (J=compiled Java code, j=interpreted, Vv=VM code, C=native code)
V  [jvm.dll+0x6e2279]  (no source info available)
V  [jvm.dll+0x874e33]  (no source info available)
V  [jvm.dll+0x87725e]  (no source info available)
V  [jvm.dll+0x877933]  (no source info available)
V  [jvm.dll+0x27fd76]  (no source info available)
V  [jvm.dll+0x6de915]  (no source info available)
V  [jvm.dll+0x6d341a]  (no source info available)
V  [jvm.dll+0x3589da]  (no source info available)
V  [jvm.dll+0x360f06]  (no source info available)
V  [jvm.dll+0x3b3e2e]  (no source info available)
V  [jvm.dll+0x3b40d8]  (no source info available)
V  [jvm.dll+0x32c59c]  (no source info available)
V  [jvm.dll+0x32d158]  (no source info available)
V  [jvm.dll+0x83ccdc]  (no source info available)
V  [jvm.dll+0x3c0d71]  (no source info available)
V  [jvm.dll+0x825ccc]  (no source info available)
V  [jvm.dll+0x45b8fe]  (no source info available)
V  [jvm.dll+0x45d781]  (no source info available)
C  [jli.dll+0x52a3]  (no source info available)
C  [ucrtbase.dll+0x29333]  (no source info available)
C  [KERNEL32.DLL+0x1257d]  (no source info available)
C  [ntdll.dll+0x5af28]  (no source info available)


---------------  P R O C E S S  ---------------

Threads class SMR info:
_java_thread_list=0x00007ff8d85fb1c8, length=0, elements={
}

Java Threads: ( => current thread )
Total: 0

Other Threads:
  0x000001f757ee06d0 WorkerThread "GC Thread#0"                     [id=7064, stack(0x000000d14c000000,0x000000d14c100000) (1024K)]
  0x000001f757eed4c0 ConcurrentGCThread "G1 Main Marker"            [id=1780, stack(0x000000d14c100000,0x000000d14c200000) (1024K)]
  0x000001f757eee180 WorkerThread "G1 Conc#0"                       [id=13412, stack(0x000000d14c200000,0x000000d14c300000) (1024K)]

[error occurred during error reporting (printing all threads), id 0xc0000005, EXCEPTION_ACCESS_VIOLATION (0xc0000005) at pc=0x00007ff8d7d4f367]
VM state: not at safepoint (not fully initialized)

VM Mutex/Monitor currently owned by a thread:  ([mutex/lock_event])
[0x00007ff8d867bcb8] Heap_lock - owner thread: 0x000001f757e8b6c0

Heap address: 0x0000000742000000, size: 3040 MB, Compressed Oops mode: Zero based, Oop shift amount: 3

CDS archive(s) mapped at: [0x0000000000000000-0x0000000000000000-0x0000000000000000), size 0, SharedBaseAddress: 0x0000000800000000, ArchiveRelocationMode: 1.
Narrow klass base: 0x0000000000000000, Narrow klass shift: 0, Narrow klass range: 0x0

GC Precious Log:
 CardTable entry size: 512
 Card Set container configuration: InlinePtr #cards 4 size 8 Array Of Cards #cards 16 size 48 Howl #buckets 8 coarsen threshold 3686 Howl Bitmap #cards 512 size 80 coarsen threshold 460 Card regions per heap region 1 cards per card region 4096

Heap:
 garbage-first heap   total reserved 3112960K, committed 0K, used 0K [0x0000000742000000, 0x0000000800000000)
  region size 2048K, 0 young (0K), 0 survivors (0K)

[error occurred during error reporting (printing heap information), id 0xc0000005, EXCEPTION_ACCESS_VIOLATION (0xc0000005) at pc=0x00007ff8d814e429]
GC Heap History (0 events):
No events

Dll operation events (1 events):
Event: 0.008 Loaded shared library C:\Program Files\Java\jdk-22\bin\java.dll

Deoptimization events (0 events):
No events

Classes loaded (0 events):
No events

Classes unloaded (0 events):
No events

Classes redefined (0 events):
No events

Internal exceptions (0 events):
No events

ZGC Phase Switch (0 events):
No events

VM Operations (0 events):
No events

Events (0 events):
No events


Dynamic libraries:
0x00007ff6c5ee0000 - 0x00007ff6c5ef0000 	C:\Program Files\Java\jdk-22\bin\java.exe
0x00007ff947090000 - 0x00007ff9472a7000 	C:\WINDOWS\SYSTEM32\ntdll.dll
0x00007ff945c60000 - 0x00007ff945d24000 	C:\WINDOWS\System32\KERNEL32.DLL
0x00007ff9449f0000 - 0x00007ff944d9c000 	C:\WINDOWS\System32\KERNELBASE.dll
0x00007ff944760000 - 0x00007ff944871000 	C:\WINDOWS\System32\ucrtbase.dll
0x00007ff937430000 - 0x00007ff937447000 	C:\Program Files\Java\jdk-22\bin\jli.dll
0x00007ff93c100000 - 0x00007ff93c11b000 	C:\Program Files\Java\jdk-22\bin\VCRUNTIME140.dll
0x00007ff946f90000 - 0x00007ff947042000 	C:\WINDOWS\System32\ADVAPI32.dll
0x00007ff946270000 - 0x00007ff946317000 	C:\WINDOWS\System32\msvcrt.dll
0x00007ff9467b0000 - 0x00007ff94685a000 	C:\WINDOWS\System32\sechost.dll
0x00007ff9449c0000 - 0x00007ff9449e8000 	C:\WINDOWS\System32\bcrypt.dll
0x00007ff945f50000 - 0x00007ff946065000 	C:\WINDOWS\System32\RPCRT4.dll
0x00007ff946510000 - 0x00007ff9466be000 	C:\WINDOWS\System32\USER32.dll
0x00007ff944da0000 - 0x00007ff944dc6000 	C:\WINDOWS\System32\win32u.dll
0x00007ff924680000 - 0x00007ff924913000 	C:\WINDOWS\WinSxS\amd64_microsoft.windows.common-controls_6595b64144ccf1df_6.0.22621.3672_none_2713b9d173822955\COMCTL32.dll
0x00007ff946860000 - 0x00007ff946889000 	C:\WINDOWS\System32\GDI32.dll
0x00007ff9443c0000 - 0x00007ff9444d9000 	C:\WINDOWS\System32\gdi32full.dll
0x00007ff9444e0000 - 0x00007ff94457a000 	C:\WINDOWS\System32\msvcp_win.dll
0x00007ff93bb50000 - 0x00007ff93bb5a000 	C:\WINDOWS\SYSTEM32\VERSION.dll
0x00007ff9466d0000 - 0x00007ff946701000 	C:\WINDOWS\System32\IMM32.DLL
0x00007ff941a30000 - 0x00007ff941a3c000 	C:\Program Files\Java\jdk-22\bin\vcruntime140_1.dll
0x00007ff9272f0000 - 0x00007ff92737e000 	C:\Program Files\Java\jdk-22\bin\msvcp140.dll
0x00007ff8d7a10000 - 0x00007ff8d8757000 	C:\Program Files\Java\jdk-22\bin\server\jvm.dll
0x00007ff9463c0000 - 0x00007ff946431000 	C:\WINDOWS\System32\WS2_32.dll
0x00007ff944280000 - 0x00007ff9442cd000 	C:\WINDOWS\SYSTEM32\POWRPROF.dll
0x00007ff938650000 - 0x00007ff938684000 	C:\WINDOWS\SYSTEM32\WINMM.dll
0x00007ff944260000 - 0x00007ff944273000 	C:\WINDOWS\SYSTEM32\UMPDC.dll
0x00007ff9433b0000 - 0x00007ff9433c8000 	C:\WINDOWS\SYSTEM32\kernel.appcore.dll
0x00007ff937420000 - 0x00007ff93742a000 	C:\Program Files\Java\jdk-22\bin\jimage.dll
0x00007ff93f5f0000 - 0x00007ff93f822000 	C:\WINDOWS\SYSTEM32\DBGHELP.DLL
0x00007ff944dd0000 - 0x00007ff945158000 	C:\WINDOWS\System32\combase.dll
0x00007ff945b80000 - 0x00007ff945c57000 	C:\WINDOWS\System32\OLEAUT32.dll
0x00007ff93c7a0000 - 0x00007ff93c7d2000 	C:\WINDOWS\SYSTEM32\dbgcore.DLL
0x00007ff944940000 - 0x00007ff9449bb000 	C:\WINDOWS\System32\bcryptPrimitives.dll
0x00007ff927170000 - 0x00007ff92718e000 	C:\Program Files\Java\jdk-22\bin\java.dll
0x00007ff945160000 - 0x00007ff9459bc000 	C:\WINDOWS\System32\SHELL32.dll
0x00007ff946d80000 - 0x00007ff946f25000 	C:\WINDOWS\System32\ole32.dll

dbghelp: loaded successfully - version: 4.0.5 - missing functions: none
symbol engine: initialized successfully - sym options: 0x614 - pdb path: .;C:\Program Files\Java\jdk-22\bin;C:\WINDOWS\SYSTEM32;C:\WINDOWS\WinSxS\amd64_microsoft.windows.common-controls_6595b64144ccf1df_6.0.22621.3672_none_2713b9d173822955;C:\Program Files\Java\jdk-22\bin\server

VM Arguments:
jvm_args: -Dclassworlds.conf=C:\Program Files\apache-maven-3.6.1\bin\..\bin\m2.conf -Dmaven.home=C:\Program Files\apache-maven-3.6.1\bin\.. -Dlibrary.jansi.path=C:\Program Files\apache-maven-3.6.1\bin\..\lib\jansi-native -Dmaven.multiModuleProjectDirectory=G:\new_projects\product-service 
java_command: org.codehaus.plexus.classworlds.launcher.Launcher install
java_class_path (initial): C:\Program Files\apache-maven-3.6.1\bin\..\boot\plexus-classworlds-2.6.0.jar
Launcher Type: SUN_STANDARD

[Global flags]
     intx CICompilerCount                          = 4                                         {product} {ergonomic}
     uint ConcGCThreads                            = 2                                         {product} {ergonomic}
     uint G1ConcRefinementThreads                  = 8                                         {product} {ergonomic}
   size_t G1HeapRegionSize                         = 2097152                                   {product} {ergonomic}
   size_t InitialHeapSize                          = 199229440                                 {product} {ergonomic}
   size_t MarkStackSize                            = 4194304                                   {product} {ergonomic}
   size_t MaxHeapSize                              = 3187671040                                {product} {ergonomic}
   size_t MinHeapDeltaBytes                        = 2097152                                   {product} {ergonomic}
   size_t MinHeapSize                              = 8388608                                   {product} {ergonomic}
    uintx NonNMethodCodeHeapSize                   = 5839372                                {pd product} {ergonomic}
    uintx NonProfiledCodeHeapSize                  = 122909434                              {pd product} {ergonomic}
    uintx ProfiledCodeHeapSize                     = 122909434                              {pd product} {ergonomic}
    uintx ReservedCodeCacheSize                    = 251658240                              {pd product} {ergonomic}
     bool SegmentedCodeCache                       = true                                      {product} {ergonomic}
   size_t SoftMaxHeapSize                          = 3187671040                             {manageable} {ergonomic}
     bool UseCompressedOops                        = true                           {product lp64_product} {ergonomic}
     bool UseG1GC                                  = true                                      {product} {ergonomic}
     bool UseLargePagesIndividualAllocation        = false                                  {pd product} {ergonomic}

Logging:
Log output configuration:
 #0: stdout all=warning uptime,level,tags foldmultilines=false
 #1: stderr all=off uptime,level,tags foldmultilines=false

Environment Variables:
PATH=C:\Program Files\Common Files\Oracle\Java\javapath;C:\Python27\;C:\Python27\Scripts;C:\Program Files (x86)\Intel\Intel(R) Management Engine Components\iCLS\;C:\Program Files\Intel\Intel(R) Management Engine Components\iCLS\;C:\WINDOWS\system32;C:\WINDOWS;C:\WINDOWS\System32\Wbem;C:\WINDOWS\System32\WindowsPowerShell\v1.0\;C:\WINDOWS\System32\OpenSSH\;C:\Program Files (x86)\Brackets\command;C:\Program Files\nodejs\;C:\ProgramData\chocolatey\bin;"%JAVA_HOME%\bin;C:\Program Files\Common Files\Oracle\Java\javapath;C:\Python27\;C:\Python27\Scripts;C:\Program Files (x86)\Intel\Intel(R) Management Engine Components\iCLS\;C:\Program Files\Intel\Intel(R) Management Engine Components\iCLS\;C:\WINDOWS\system32;C:\WINDOWS;C:\WINDOWS\System32\Wbem;C:\WINDOWS\System32\WindowsPowerShell\v1.0\;C:\WINDOWS\System32\OpenSSH\;C:\Program Files (x86)\Brackets\command;C:\Program Files\nodejs\;C:\ProgramData\chocolatey\bin;"%JAVA_HOME%\bin;C:\Program Files\Common Files\Oracle\Java\javapath;C:\Python27\;C:\Python27\Scripts;C:\Program Files (x86)\Intel\Intel(R) Management Engine Components\iCLS\;C:\Program Files\Intel\Intel(R) Management Engine Components\iCLS\;C:\WINDOWS\system32;C:\WINDOWS;C:\WINDOWS\System32\Wbem;C:\WINDOWS\System32\WindowsPowerShell\v1.0\;C:\WINDOWS\System32\OpenSSH\;C:\Program Files (x86)\Brackets\command;C:\Program Files\nodejs\;C:\ProgramData\chocolatey\bin;"%JAVA_HOME%\bin;C:\WINDOWS\System32";C:\Program Files\GitHub CLI\;C:\Program Files\Docker\Docker\resources\bin;C:\ProgramData\DockerDesktop\version-bin";C:\Program Files\GitHub CLI\;C:\Program Files\Docker\Docker\resources\bin;C:\ProgramData\DockerDesktop\version-bin";C:\Program Files\GitHub CLI\;C:\Program Files\Docker\Docker\resources\bin;C:\Users\Ajay\AppData\Local\Programs\Python\Python37-32\Scripts\;C:\Users\Ajay\AppData\Local\Programs\Python\Python37-32\;E:\NLP_Files\apache-opennlp-1.9.0\bin;C:\Program Files\apache-maven-3.6.1\bin;%JAVA_HOME%\jdk1.8.0_181\bin;C:\Users\Ajay\AppData\Local\Programs\Microsoft VS Code\bin;C:\Users\Ajay\AppData\Roaming\npm;C:\Users\Ajay\AppData\Local\Microsoft\WindowsApps;;C:\Program Files\JetBrains\IntelliJ IDEA 2024.1.4\bin;;C:\Program Files\JetBrains\IntelliJ IDEA Community Edition 2024.1.4\bin;
USERNAME=Ajay
OS=Windows_NT
PROCESSOR_IDENTIFIER=Intel64 Family 6 Model 142 Stepping 10, GenuineIntel
TMP=C:\Users\Ajay\AppData\Local\Temp
TEMP=C:\Users\Ajay\AppData\Local\Temp




Periodic native trim disabled

---------------  S Y S T E M  ---------------

OS:
 Windows 11 , 64 bit Build 22621 (10.0.22621.3672)
OS uptime: 1 days 12:36 hours
Hyper-V role detected

CPU: total 8 (initial active 8) (4 cores per cpu, 2 threads per core) family 6 model 142 stepping 10 microcode 0xe0, cx8, cmov, fxsr, ht, mmx, 3dnowpref, sse, sse2, sse3, ssse3, sse4.1, sse4.2, popcnt, lzcnt, tsc, tscinvbit, avx, avx2, aes, erms, clmul, bmi1, bmi2, adx, fma, vzeroupper, clflush, clflushopt, hv, rdtscp, f16c
Processor Information for all 8 processors :
  Max Mhz: 1801, Current Mhz: 1801, Mhz Limit: 1801

Memory: 4k page, system-wide physical 12154M (1556M free)
TotalPageFile size 18298M (AvailPageFile size 134M)
current process WorkingSet (physical memory assigned to process): 12M, peak: 12M
current process commit charge ("private bytes"): 60M, peak: 250M

vm_info: Java HotSpot(TM) 64-Bit Server VM (22.0.1+8-16) for windows-amd64 JRE (22.0.1+8-16), built on 2024-03-12T10:33:16Z by "mach5one" with MS VC++ 17.6 (VS2022)

END.
