#
# There is insufficient memory for the Java Runtime Environment to continue.
# Native memory allocation (mmap) failed to map 65536 bytes. Error detail: Failed to commit metaspace.
# Possible reasons:
#   The system is out of physical RAM or swap space
#   This process is running with CompressedOops enabled, and the Java Heap may be blocking the growth of the native heap
# Possible solutions:
#   Reduce memory load on the system
#   Increase physical memory or swap space
#   Check if swap backing store is full
#   Decrease Java heap size (-Xmx/-Xms)
#   Decrease number of Java threads
#   Decrease Java thread stack sizes (-Xss)
#   Set larger code cache with -XX:ReservedCodeCacheSize=
#   JVM is running with Zero Based Compressed Oops mode in which the Java heap is
#     placed in the first 32GB address space. The Java Heap base address is the
#     maximum limit for the native heap growth. Please use -XX:HeapBaseMinAddress
#     to set the Java Heap base and to place the Java Heap above 32GB virtual address.
# This output file may be truncated or incomplete.
#
#  Out of Memory Error (virtualSpaceNode.cpp:112), pid=10420, tid=16888
#
# JRE version: Java(TM) SE Runtime Environment (22.0.1+8) (build 22.0.1+8-16)
# Java VM: Java HotSpot(TM) 64-Bit Server VM (22.0.1+8-16, mixed mode, sharing, tiered, compressed oops, compressed class ptrs, g1 gc, windows-amd64)
# No core dump will be written. Minidumps are not enabled by default on client versions of Windows
#

---------------  S U M M A R Y ------------

Command Line: -Dvisualvm.id=131307213968200 -javaagent:C:\Program Files\JetBrains\IntelliJ IDEA Community Edition 2024.1.4\lib\idea_rt.jar=49989:C:\Program Files\JetBrains\IntelliJ IDEA Community Edition 2024.1.4\bin -Dfile.encoding=UTF-8 -Dsun.stdout.encoding=UTF-8 -Dsun.stderr.encoding=UTF-8 com.hcltech.productservice.ProductServiceApplication

Host: Intel(R) Core(TM) i5-8250U CPU @ 1.60GHz, 8 cores, 11G,  Windows 11 , 64 bit Build 22621 (10.0.22621.3672)
Time: Wed Jul  3 20:33:30 2024 India Standard Time elapsed time: 1.510495 seconds (0d 0h 0m 1s)

---------------  T H R E A D  ---------------

Current thread (0x000001a5ef1d1f80):  JavaThread "background-preinit"        [_thread_in_vm, id=16888, stack(0x0000000659f00000,0x000000065a000000) (1024K)]

Stack: [0x0000000659f00000,0x000000065a000000]
Native frames: (J=compiled Java code, j=interpreted, Vv=VM code, C=native code)
V  [jvm.dll+0x6e2279]  (no source info available)
V  [jvm.dll+0x874e33]  (no source info available)
V  [jvm.dll+0x87725e]  (no source info available)
V  [jvm.dll+0x877933]  (no source info available)
V  [jvm.dll+0x27fd76]  (no source info available)
V  [jvm.dll+0x870a7e]  (no source info available)
V  [jvm.dll+0x6852e5]  (no source info available)
V  [jvm.dll+0x1e3eac]  (no source info available)
V  [jvm.dll+0x1e3c7e]  (no source info available)
V  [jvm.dll+0x687c38]  (no source info available)
V  [jvm.dll+0x2250ac]  (no source info available)
V  [jvm.dll+0x685cfe]  (no source info available)
V  [jvm.dll+0x27cadd]  (no source info available)
V  [jvm.dll+0x27cea1]  (no source info available)
V  [jvm.dll+0x73aa4f]  (no source info available)
V  [jvm.dll+0x73b83f]  (no source info available)
V  [jvm.dll+0x3c8aff]  (no source info available)
V  [jvm.dll+0x3c78fc]  (no source info available)
V  [jvm.dll+0x3c7898]  (no source info available)
V  [jvm.dll+0x5ea1db]  (no source info available)
V  [jvm.dll+0x5ea293]  (no source info available)
V  [jvm.dll+0x3dd40a]  (no source info available)
V  [jvm.dll+0x3dce90]  (no source info available)
C  0x000001a5e0e578bc  (no source info available)

The last pc belongs to getstatic (printed below).
Java frames: (J=compiled Java code, j=interpreted, Vv=VM code)
j  com.fasterxml.jackson.datatype.jsr310.JavaTimeModule.setupModule(Lcom/fasterxml/jackson/databind/Module$SetupContext;)V+91
j  com.fasterxml.jackson.databind.ObjectMapper.registerModule(Lcom/fasterxml/jackson/databind/Module;)Lcom/fasterxml/jackson/databind/ObjectMapper;+152
j  com.fasterxml.jackson.databind.ObjectMapper.registerModules(Ljava/lang/Iterable;)Lcom/fasterxml/jackson/databind/ObjectMapper;+35
j  org.springframework.http.converter.json.Jackson2ObjectMapperBuilder.configure(Lcom/fasterxml/jackson/databind/ObjectMapper;)V+187
j  org.springframework.http.converter.json.Jackson2ObjectMapperBuilder.build()Lcom/fasterxml/jackson/databind/ObjectMapper;+87
j  org.springframework.http.converter.json.MappingJackson2HttpMessageConverter.<init>()V+4
j  org.springframework.http.converter.support.AllEncompassingFormHttpMessageConverter.<init>()V+55
j  org.springframework.boot.autoconfigure.BackgroundPreinitializer$MessageConverterInitializer.run()V+4
j  org.springframework.boot.autoconfigure.BackgroundPreinitializer$1.runSafely(Ljava/lang/Runnable;)Z+1
j  org.springframework.boot.autoconfigure.BackgroundPreinitializer$1.run()V+32
j  java.lang.Thread.runWith(Ljava/lang/Object;Ljava/lang/Runnable;)V+5 java.base@22.0.1
j  java.lang.Thread.run()V+19 java.base@22.0.1
v  ~StubRoutines::call_stub 0x000001a5e0e4100d
getstatic  178 getstatic  [0x000001a5e0e57820, 0x000001a5e0e57a20]  512 bytes
[MachCode]
  0x000001a5e0e57820: 4883 ec08 | c5fa 1104 | 24eb 1f48 | 83ec 10c5 | fb11 0424 | eb14 4883 | ec10 4889 | 0424 48c7 
  0x000001a5e0e57840: 4424 0800 | 0000 00eb | 0150 488b | 4dd0 410f | b755 0148 | 8b49 286b | d218 488d | 4c11 080f 
  0x000001a5e0e57860: b659 1281 | fbb2 0000 | 000f 84bd | 0000 00bb | b200 0000 | e805 0000 | 00e9 9900 | 0000 488b 
  0x000001a5e0e57880: d348 8d44 | 2408 4c89 | 6dc0 498b | cfc5 f877 | 4989 afb0 | 0300 0049 | 8987 a003 | 0000 4883 
  0x000001a5e0e578a0: ec20 40f6 | c40f 0f84 | 1900 0000 | 4883 ec08 | 48b8 30ce | ded7 f87f | 0000 ffd0 | 4883 c408 
  0x000001a5e0e578c0: e90c 0000 | 0048 b830 | cede d7f8 | 7f00 00ff | d048 83c4 | 2049 c787 | a003 0000 | 0000 0000 
  0x000001a5e0e578e0: 49c7 87b0 | 0300 0000 | 0000 0049 | c787 a803 | 0000 0000 | 0000 c5f8 | 7749 837f | 0800 0f84 
  0x000001a5e0e57900: 0500 0000 | e9f7 95fe | ff4c 8b6d | c04c 8b75 | c84e 8d74 | f500 c348 | 8b4d d041 | 0fb7 5501 
  0x000001a5e0e57920: 488b 4928 | 6bd2 1848 | 8d4c 1108 | 8b59 080f | b651 110f | b641 104c | 8b09 4d8b | 4970 4d8b 
  0x000001a5e0e57940: 0985 c00f | 850b 0000 | 0041 0fbe | 0419 50e9 | b500 0000 | 83f8 010f | 850b 0000 | 0041 0fb6 
  0x000001a5e0e57960: 0419 50e9 | a100 0000 | 83f8 080f | 850e 0000 | 0041 8b04 | 1948 c1e0 | 0350 e98a | 0000 0083 
  0x000001a5e0e57980: f804 0f85 | 0a00 0000 | 418b 0419 | 50e9 7700 | 0000 83f8 | 020f 850b | 0000 0041 | 0fb7 0419 
  0x000001a5e0e579a0: 50e9 6300 | 0000 83f8 | 030f 850b | 0000 0041 | 0fbf 0419 | 50e9 4f00 | 0000 83f8 | 050f 851a 
  0x000001a5e0e579c0: 0000 0049 | 8b04 1948 | 83ec 1048 | 8904 2448 | c744 2408 | 0000 0000 | e92c 0000 | 0083 f806 
  0x000001a5e0e579e0: 0f85 1400 | 0000 c4c1 | 7a10 0419 | 4883 ec08 | c5fa 1104 | 24e9 0f00 | 0000 c4c1 | 7b10 0419 
  0x000001a5e0e57a00: 4883 ec10 | c5fb 1104 | 2441 0fb6 | 5d03 4983 | c503 49ba | f001 69d8 | f87f 0000 | 41ff 24da 
[/MachCode]

---------------  P R O C E S S  ---------------

Threads class SMR info:
_java_thread_list=0x000001a5c589f2f0, length=15, elements={
0x000001a5d15d6c30, 0x000001a5ef1c21e0, 0x000001a5ef1c2e40, 0x000001a5ef1c5f50,
0x000001a5ef1c8d40, 0x000001a5ef1cc160, 0x000001a5ef1d0bd0, 0x000001a5ef1d9590,
0x000001a5ef1de460, 0x000001a5ef1d0540, 0x000001a5c5312fe0, 0x000001a5c53d2ea0,
0x000001a5ef1d18f0, 0x000001a5ef1d1260, 0x000001a5ef1d1f80
}

Java Threads: ( => current thread )
  0x000001a5d15d6c30 JavaThread "main"                              [_thread_in_vm, id=17812, stack(0x0000000658500000,0x0000000658600000) (1024K)]
  0x000001a5ef1c21e0 JavaThread "Reference Handler"          daemon [_thread_blocked, id=1728, stack(0x0000000658d00000,0x0000000658e00000) (1024K)]
  0x000001a5ef1c2e40 JavaThread "Finalizer"                  daemon [_thread_blocked, id=14424, stack(0x0000000658e00000,0x0000000658f00000) (1024K)]
  0x000001a5ef1c5f50 JavaThread "Signal Dispatcher"          daemon [_thread_blocked, id=16864, stack(0x0000000658f00000,0x0000000659000000) (1024K)]
  0x000001a5ef1c8d40 JavaThread "Attach Listener"            daemon [_thread_blocked, id=3980, stack(0x0000000659000000,0x0000000659100000) (1024K)]
  0x000001a5ef1cc160 JavaThread "Service Thread"             daemon [_thread_blocked, id=3152, stack(0x0000000659100000,0x0000000659200000) (1024K)]
  0x000001a5ef1d0bd0 JavaThread "Monitor Deflation Thread"   daemon [_thread_blocked, id=1132, stack(0x0000000659200000,0x0000000659300000) (1024K)]
  0x000001a5ef1d9590 JavaThread "C2 CompilerThread0"         daemon [_thread_blocked, id=3172, stack(0x0000000659300000,0x0000000659400000) (1024K)]
  0x000001a5ef1de460 JavaThread "C1 CompilerThread0"         daemon [_thread_blocked, id=17316, stack(0x0000000659400000,0x0000000659500000) (1024K)]
  0x000001a5ef1d0540 JavaThread "Common-Cleaner"             daemon [_thread_blocked, id=10384, stack(0x0000000659500000,0x0000000659600000) (1024K)]
  0x000001a5c5312fe0 JavaThread "C2 CompilerThread1"         daemon [_thread_blocked, id=15020, stack(0x0000000659600000,0x0000000659700000) (1024K)]
  0x000001a5c53d2ea0 JavaThread "C2 CompilerThread2"         daemon [_thread_blocked, id=2296, stack(0x0000000659700000,0x0000000659800000) (1024K)]
  0x000001a5ef1d18f0 JavaThread "Monitor Ctrl-Break"         daemon [_thread_in_native, id=17460, stack(0x0000000659800000,0x0000000659900000) (1024K)]
  0x000001a5ef1d1260 JavaThread "Notification Thread"        daemon [_thread_blocked, id=13032, stack(0x0000000659900000,0x0000000659a00000) (1024K)]
=>0x000001a5ef1d1f80 JavaThread "background-preinit"                [_thread_in_vm, id=16888, stack(0x0000000659f00000,0x000000065a000000) (1024K)]
Total: 15

Other Threads:
  0x000001a5ef1a5510 VMThread "VM Thread"                           [id=4884, stack(0x0000000658c00000,0x0000000658d00000) (1024K)]
  0x000001a5ef18eea0 WatcherThread "VM Periodic Task Thread"        [id=14476, stack(0x0000000658b00000,0x0000000658c00000) (1024K)]
  0x000001a5d162d0b0 WorkerThread "GC Thread#0"                     [id=17208, stack(0x0000000658600000,0x0000000658700000) (1024K)]
  0x000001a5c597dd00 WorkerThread "GC Thread#1"                     [id=3728, stack(0x0000000659a00000,0x0000000659b00000) (1024K)]
  0x000001a5c597e0b0 WorkerThread "GC Thread#2"                     [id=22228, stack(0x0000000659b00000,0x0000000659c00000) (1024K)]
  0x000001a5c5efb480 WorkerThread "GC Thread#3"                     [id=19768, stack(0x0000000659c00000,0x0000000659d00000) (1024K)]
  0x000001a5c5bbca20 WorkerThread "GC Thread#4"                     [id=10220, stack(0x0000000659d00000,0x0000000659e00000) (1024K)]
  0x000001a5c602b0b0 WorkerThread "GC Thread#5"                     [id=23504, stack(0x0000000659e00000,0x0000000659f00000) (1024K)]
  0x000001a5c6391650 WorkerThread "GC Thread#6"                     [id=1924, stack(0x000000065a000000,0x000000065a100000) (1024K)]
  0x000001a5c639beb0 WorkerThread "GC Thread#7"                     [id=332, stack(0x000000065a100000,0x000000065a200000) (1024K)]
  0x000001a5d163af10 ConcurrentGCThread "G1 Main Marker"            [id=18980, stack(0x0000000658700000,0x0000000658800000) (1024K)]
  0x000001a5d163b930 WorkerThread "G1 Conc#0"                       [id=4308, stack(0x0000000658800000,0x0000000658900000) (1024K)]
  0x000001a5ef062560 ConcurrentGCThread "G1 Refine#0"               [id=4552, stack(0x0000000658900000,0x0000000658a00000) (1024K)]
  0x000001a5ef063ea0 ConcurrentGCThread "G1 Service"                [id=8276, stack(0x0000000658a00000,0x0000000658b00000) (1024K)]
Total: 14

Threads with active compile tasks:
Total: 0

VM state: not at safepoint (normal execution)

VM Mutex/Monitor currently owned by a thread:  ([mutex/lock_event])
[0x00007ff8d8679b38] Metaspace_lock - owner thread: 0x000001a5ef1d1f80

Heap address: 0x0000000742000000, size: 3040 MB, Compressed Oops mode: Zero based, Oop shift amount: 3

CDS archive(s) mapped at: [0x000001a580000000-0x000001a580c60000-0x000001a580c60000), size 12976128, SharedBaseAddress: 0x000001a580000000, ArchiveRelocationMode: 1.
Compressed class space mapped at: 0x000001a581000000-0x000001a5c1000000, reserved size: 1073741824
Narrow klass base: 0x000001a580000000, Narrow klass shift: 0, Narrow klass range: 0x41000000

GC Precious Log:
 CardTable entry size: 512
 Card Set container configuration: InlinePtr #cards 4 size 8 Array Of Cards #cards 16 size 48 Howl #buckets 8 coarsen threshold 3686 Howl Bitmap #cards 512 size 80 coarsen threshold 460 Card regions per heap region 1 cards per card region 4096
 CPUs: 8 total, 8 available
 Memory: 12154M
 Large Page Support: Disabled
 NUMA Support: Disabled
 Compressed Oops: Enabled (Zero based)
 Heap Region Size: 2M
 Heap Min Capacity: 8M
 Heap Initial Capacity: 190M
 Heap Max Capacity: 3040M
 Pre-touch: Disabled
 Parallel Workers: 8
 Concurrent Workers: 2
 Concurrent Refinement Workers: 8
 Periodic GC: Disabled

Heap:
 garbage-first heap   total reserved 3112960K, committed 194560K, used 9831K [0x0000000742000000, 0x0000000800000000)
  region size 2048K, 3 young (6144K), 2 survivors (4096K)
 Metaspace       used 16837K, committed 17024K, reserved 1114112K
  class space    used 2040K, committed 2112K, reserved 1048576K

Heap Regions: E=young(eden), S=young(survivor), O=old, HS=humongous(starts), HC=humongous(continues), CS=collection set, F=free, TAMS=top-at-mark-start, PB=parsable bottom
|   0|0x0000000742000000, 0x0000000742200000, 0x0000000742200000|100%| O|  |TAMS 0x0000000742000000| PB 0x0000000742000000| Untracked |  0
|   1|0x0000000742200000, 0x0000000742400000, 0x0000000742400000|100%| O|  |TAMS 0x0000000742200000| PB 0x0000000742200000| Untracked |  0
|   2|0x0000000742400000, 0x0000000742600000, 0x0000000742600000|100%| O|  |TAMS 0x0000000742400000| PB 0x0000000742400000| Untracked |  0
|   3|0x0000000742600000, 0x00000007426770a0, 0x0000000742800000| 23%| O|  |TAMS 0x0000000742600000| PB 0x0000000742600000| Untracked |  0
|   4|0x0000000742800000, 0x0000000742800000, 0x0000000742a00000|  0%| F|  |TAMS 0x0000000742800000| PB 0x0000000742800000| Untracked |  0
|   5|0x0000000742a00000, 0x0000000742a00000, 0x0000000742c00000|  0%| F|  |TAMS 0x0000000742a00000| PB 0x0000000742a00000| Untracked |  0
|   6|0x0000000742c00000, 0x0000000742c00000, 0x0000000742e00000|  0%| F|  |TAMS 0x0000000742c00000| PB 0x0000000742c00000| Untracked |  0
|   7|0x0000000742e00000, 0x0000000742e00000, 0x0000000743000000|  0%| F|  |TAMS 0x0000000742e00000| PB 0x0000000742e00000| Untracked |  0
|   8|0x0000000743000000, 0x0000000743000000, 0x0000000743200000|  0%| F|  |TAMS 0x0000000743000000| PB 0x0000000743000000| Untracked |  0
|   9|0x0000000743200000, 0x0000000743200000, 0x0000000743400000|  0%| F|  |TAMS 0x0000000743200000| PB 0x0000000743200000| Untracked |  0
|  10|0x0000000743400000, 0x0000000743400000, 0x0000000743600000|  0%| F|  |TAMS 0x0000000743400000| PB 0x0000000743400000| Untracked |  0
|  11|0x0000000743600000, 0x0000000743600000, 0x0000000743800000|  0%| F|  |TAMS 0x0000000743600000| PB 0x0000000743600000| Untracked |  0
|  12|0x0000000743800000, 0x0000000743800000, 0x0000000743a00000|  0%| F|  |TAMS 0x0000000743800000| PB 0x0000000743800000| Untracked |  0
|  13|0x0000000743a00000, 0x0000000743a00000, 0x0000000743c00000|  0%| F|  |TAMS 0x0000000743a00000| PB 0x0000000743a00000| Untracked |  0
|  14|0x0000000743c00000, 0x0000000743c00000, 0x0000000743e00000|  0%| F|  |TAMS 0x0000000743c00000| PB 0x0000000743c00000| Untracked |  0
|  15|0x0000000743e00000, 0x0000000743e00000, 0x0000000744000000|  0%| F|  |TAMS 0x0000000743e00000| PB 0x0000000743e00000| Untracked |  0
|  16|0x0000000744000000, 0x0000000744000000, 0x0000000744200000|  0%| F|  |TAMS 0x0000000744000000| PB 0x0000000744000000| Untracked |  0
|  17|0x0000000744200000, 0x0000000744200000, 0x0000000744400000|  0%| F|  |TAMS 0x0000000744200000| PB 0x0000000744200000| Untracked |  0
|  18|0x0000000744400000, 0x0000000744400000, 0x0000000744600000|  0%| F|  |TAMS 0x0000000744400000| PB 0x0000000744400000| Untracked |  0
|  19|0x0000000744600000, 0x0000000744600000, 0x0000000744800000|  0%| F|  |TAMS 0x0000000744600000| PB 0x0000000744600000| Untracked |  0
|  20|0x0000000744800000, 0x0000000744800000, 0x0000000744a00000|  0%| F|  |TAMS 0x0000000744800000| PB 0x0000000744800000| Untracked |  0
|  21|0x0000000744a00000, 0x0000000744a00000, 0x0000000744c00000|  0%| F|  |TAMS 0x0000000744a00000| PB 0x0000000744a00000| Untracked |  0
|  22|0x0000000744c00000, 0x0000000744c00000, 0x0000000744e00000|  0%| F|  |TAMS 0x0000000744c00000| PB 0x0000000744c00000| Untracked |  0
|  23|0x0000000744e00000, 0x0000000744e00000, 0x0000000745000000|  0%| F|  |TAMS 0x0000000744e00000| PB 0x0000000744e00000| Untracked |  0
|  24|0x0000000745000000, 0x0000000745000000, 0x0000000745200000|  0%| F|  |TAMS 0x0000000745000000| PB 0x0000000745000000| Untracked |  0
|  25|0x0000000745200000, 0x0000000745200000, 0x0000000745400000|  0%| F|  |TAMS 0x0000000745200000| PB 0x0000000745200000| Untracked |  0
|  26|0x0000000745400000, 0x0000000745400000, 0x0000000745600000|  0%| F|  |TAMS 0x0000000745400000| PB 0x0000000745400000| Untracked |  0
|  27|0x0000000745600000, 0x0000000745600000, 0x0000000745800000|  0%| F|  |TAMS 0x0000000745600000| PB 0x0000000745600000| Untracked |  0
|  28|0x0000000745800000, 0x0000000745800000, 0x0000000745a00000|  0%| F|  |TAMS 0x0000000745800000| PB 0x0000000745800000| Untracked |  0
|  29|0x0000000745a00000, 0x0000000745a00000, 0x0000000745c00000|  0%| F|  |TAMS 0x0000000745a00000| PB 0x0000000745a00000| Untracked |  0
|  30|0x0000000745c00000, 0x0000000745c00000, 0x0000000745e00000|  0%| F|  |TAMS 0x0000000745c00000| PB 0x0000000745c00000| Untracked |  0
|  31|0x0000000745e00000, 0x0000000745e00000, 0x0000000746000000|  0%| F|  |TAMS 0x0000000745e00000| PB 0x0000000745e00000| Untracked |  0
|  32|0x0000000746000000, 0x0000000746000000, 0x0000000746200000|  0%| F|  |TAMS 0x0000000746000000| PB 0x0000000746000000| Untracked |  0
|  33|0x0000000746200000, 0x0000000746200000, 0x0000000746400000|  0%| F|  |TAMS 0x0000000746200000| PB 0x0000000746200000| Untracked |  0
|  34|0x0000000746400000, 0x0000000746400000, 0x0000000746600000|  0%| F|  |TAMS 0x0000000746400000| PB 0x0000000746400000| Untracked |  0
|  35|0x0000000746600000, 0x0000000746600000, 0x0000000746800000|  0%| F|  |TAMS 0x0000000746600000| PB 0x0000000746600000| Untracked |  0
|  36|0x0000000746800000, 0x0000000746800000, 0x0000000746a00000|  0%| F|  |TAMS 0x0000000746800000| PB 0x0000000746800000| Untracked |  0
|  37|0x0000000746a00000, 0x0000000746a00000, 0x0000000746c00000|  0%| F|  |TAMS 0x0000000746a00000| PB 0x0000000746a00000| Untracked |  0
|  38|0x0000000746c00000, 0x0000000746c00000, 0x0000000746e00000|  0%| F|  |TAMS 0x0000000746c00000| PB 0x0000000746c00000| Untracked |  0
|  39|0x0000000746e00000, 0x0000000746e00000, 0x0000000747000000|  0%| F|  |TAMS 0x0000000746e00000| PB 0x0000000746e00000| Untracked |  0
|  40|0x0000000747000000, 0x0000000747000000, 0x0000000747200000|  0%| F|  |TAMS 0x0000000747000000| PB 0x0000000747000000| Untracked |  0
|  41|0x0000000747200000, 0x0000000747200000, 0x0000000747400000|  0%| F|  |TAMS 0x0000000747200000| PB 0x0000000747200000| Untracked |  0
|  42|0x0000000747400000, 0x0000000747400000, 0x0000000747600000|  0%| F|  |TAMS 0x0000000747400000| PB 0x0000000747400000| Untracked |  0
|  43|0x0000000747600000, 0x0000000747600000, 0x0000000747800000|  0%| F|  |TAMS 0x0000000747600000| PB 0x0000000747600000| Untracked |  0
|  44|0x0000000747800000, 0x0000000747800000, 0x0000000747a00000|  0%| F|  |TAMS 0x0000000747800000| PB 0x0000000747800000| Untracked |  0
|  45|0x0000000747a00000, 0x0000000747a00000, 0x0000000747c00000|  0%| F|  |TAMS 0x0000000747a00000| PB 0x0000000747a00000| Untracked |  0
|  46|0x0000000747c00000, 0x0000000747c00000, 0x0000000747e00000|  0%| F|  |TAMS 0x0000000747c00000| PB 0x0000000747c00000| Untracked |  0
|  47|0x0000000747e00000, 0x0000000747e00000, 0x0000000748000000|  0%| F|  |TAMS 0x0000000747e00000| PB 0x0000000747e00000| Untracked |  0
|  48|0x0000000748000000, 0x0000000748000000, 0x0000000748200000|  0%| F|  |TAMS 0x0000000748000000| PB 0x0000000748000000| Untracked |  0
|  49|0x0000000748200000, 0x0000000748200000, 0x0000000748400000|  0%| F|  |TAMS 0x0000000748200000| PB 0x0000000748200000| Untracked |  0
|  50|0x0000000748400000, 0x0000000748400000, 0x0000000748600000|  0%| F|  |TAMS 0x0000000748400000| PB 0x0000000748400000| Untracked |  0
|  51|0x0000000748600000, 0x0000000748600000, 0x0000000748800000|  0%| F|  |TAMS 0x0000000748600000| PB 0x0000000748600000| Untracked |  0
|  52|0x0000000748800000, 0x0000000748800000, 0x0000000748a00000|  0%| F|  |TAMS 0x0000000748800000| PB 0x0000000748800000| Untracked |  0
|  53|0x0000000748a00000, 0x0000000748a00000, 0x0000000748c00000|  0%| F|  |TAMS 0x0000000748a00000| PB 0x0000000748a00000| Untracked |  0
|  54|0x0000000748c00000, 0x0000000748c00000, 0x0000000748e00000|  0%| F|  |TAMS 0x0000000748c00000| PB 0x0000000748c00000| Untracked |  0
|  55|0x0000000748e00000, 0x0000000748e00000, 0x0000000749000000|  0%| F|  |TAMS 0x0000000748e00000| PB 0x0000000748e00000| Untracked |  0
|  56|0x0000000749000000, 0x0000000749000000, 0x0000000749200000|  0%| F|  |TAMS 0x0000000749000000| PB 0x0000000749000000| Untracked |  0
|  57|0x0000000749200000, 0x0000000749200000, 0x0000000749400000|  0%| F|  |TAMS 0x0000000749200000| PB 0x0000000749200000| Untracked |  0
|  58|0x0000000749400000, 0x0000000749400000, 0x0000000749600000|  0%| F|  |TAMS 0x0000000749400000| PB 0x0000000749400000| Untracked |  0
|  59|0x0000000749600000, 0x0000000749600000, 0x0000000749800000|  0%| F|  |TAMS 0x0000000749600000| PB 0x0000000749600000| Untracked |  0
|  60|0x0000000749800000, 0x0000000749800000, 0x0000000749a00000|  0%| F|  |TAMS 0x0000000749800000| PB 0x0000000749800000| Untracked |  0
|  61|0x0000000749a00000, 0x0000000749a00000, 0x0000000749c00000|  0%| F|  |TAMS 0x0000000749a00000| PB 0x0000000749a00000| Untracked |  0
|  62|0x0000000749c00000, 0x0000000749c00000, 0x0000000749e00000|  0%| F|  |TAMS 0x0000000749c00000| PB 0x0000000749c00000| Untracked |  0
|  63|0x0000000749e00000, 0x0000000749e00000, 0x000000074a000000|  0%| F|  |TAMS 0x0000000749e00000| PB 0x0000000749e00000| Untracked |  0
|  64|0x000000074a000000, 0x000000074a000000, 0x000000074a200000|  0%| F|  |TAMS 0x000000074a000000| PB 0x000000074a000000| Untracked |  0
|  65|0x000000074a200000, 0x000000074a200000, 0x000000074a400000|  0%| F|  |TAMS 0x000000074a200000| PB 0x000000074a200000| Untracked |  0
|  66|0x000000074a400000, 0x000000074a400000, 0x000000074a600000|  0%| F|  |TAMS 0x000000074a400000| PB 0x000000074a400000| Untracked |  0
|  67|0x000000074a600000, 0x000000074a600000, 0x000000074a800000|  0%| F|  |TAMS 0x000000074a600000| PB 0x000000074a600000| Untracked |  0
|  68|0x000000074a800000, 0x000000074a800000, 0x000000074aa00000|  0%| F|  |TAMS 0x000000074a800000| PB 0x000000074a800000| Untracked |  0
|  69|0x000000074aa00000, 0x000000074aa00000, 0x000000074ac00000|  0%| F|  |TAMS 0x000000074aa00000| PB 0x000000074aa00000| Untracked |  0
|  70|0x000000074ac00000, 0x000000074ac00000, 0x000000074ae00000|  0%| F|  |TAMS 0x000000074ac00000| PB 0x000000074ac00000| Untracked |  0
|  71|0x000000074ae00000, 0x000000074ae00000, 0x000000074b000000|  0%| F|  |TAMS 0x000000074ae00000| PB 0x000000074ae00000| Untracked |  0
|  72|0x000000074b000000, 0x000000074b000000, 0x000000074b200000|  0%| F|  |TAMS 0x000000074b000000| PB 0x000000074b000000| Untracked |  0
|  73|0x000000074b200000, 0x000000074b200000, 0x000000074b400000|  0%| F|  |TAMS 0x000000074b200000| PB 0x000000074b200000| Untracked |  0
|  74|0x000000074b400000, 0x000000074b400000, 0x000000074b600000|  0%| F|  |TAMS 0x000000074b400000| PB 0x000000074b400000| Untracked |  0
|  75|0x000000074b600000, 0x000000074b722bb0, 0x000000074b800000| 56%| S|CS|TAMS 0x000000074b600000| PB 0x000000074b600000| Complete |  0
|  76|0x000000074b800000, 0x000000074ba00000, 0x000000074ba00000|100%| S|CS|TAMS 0x000000074b800000| PB 0x000000074b800000| Complete |  0
|  77|0x000000074ba00000, 0x000000074ba00000, 0x000000074bc00000|  0%| F|  |TAMS 0x000000074ba00000| PB 0x000000074ba00000| Untracked |  0
|  78|0x000000074bc00000, 0x000000074bc00000, 0x000000074be00000|  0%| F|  |TAMS 0x000000074bc00000| PB 0x000000074bc00000| Untracked |  0
|  79|0x000000074be00000, 0x000000074be00000, 0x000000074c000000|  0%| F|  |TAMS 0x000000074be00000| PB 0x000000074be00000| Untracked |  0
|  80|0x000000074c000000, 0x000000074c000000, 0x000000074c200000|  0%| F|  |TAMS 0x000000074c000000| PB 0x000000074c000000| Untracked |  0
|  81|0x000000074c200000, 0x000000074c200000, 0x000000074c400000|  0%| F|  |TAMS 0x000000074c200000| PB 0x000000074c200000| Untracked |  0
|  82|0x000000074c400000, 0x000000074c400000, 0x000000074c600000|  0%| F|  |TAMS 0x000000074c400000| PB 0x000000074c400000| Untracked |  0
|  83|0x000000074c600000, 0x000000074c600000, 0x000000074c800000|  0%| F|  |TAMS 0x000000074c600000| PB 0x000000074c600000| Untracked |  0
|  84|0x000000074c800000, 0x000000074c800000, 0x000000074ca00000|  0%| F|  |TAMS 0x000000074c800000| PB 0x000000074c800000| Untracked |  0
|  85|0x000000074ca00000, 0x000000074ca00000, 0x000000074cc00000|  0%| F|  |TAMS 0x000000074ca00000| PB 0x000000074ca00000| Untracked |  0
|  86|0x000000074cc00000, 0x000000074cc00000, 0x000000074ce00000|  0%| F|  |TAMS 0x000000074cc00000| PB 0x000000074cc00000| Untracked |  0
|  87|0x000000074ce00000, 0x000000074ce00000, 0x000000074d000000|  0%| F|  |TAMS 0x000000074ce00000| PB 0x000000074ce00000| Untracked |  0
|  88|0x000000074d000000, 0x000000074d000000, 0x000000074d200000|  0%| F|  |TAMS 0x000000074d000000| PB 0x000000074d000000| Untracked |  0
|  89|0x000000074d200000, 0x000000074d200000, 0x000000074d400000|  0%| F|  |TAMS 0x000000074d200000| PB 0x000000074d200000| Untracked |  0
|  90|0x000000074d400000, 0x000000074d400000, 0x000000074d600000|  0%| F|  |TAMS 0x000000074d400000| PB 0x000000074d400000| Untracked |  0
|  91|0x000000074d600000, 0x000000074d600000, 0x000000074d800000|  0%| F|  |TAMS 0x000000074d600000| PB 0x000000074d600000| Untracked |  0
|  92|0x000000074d800000, 0x000000074d800000, 0x000000074da00000|  0%| F|  |TAMS 0x000000074d800000| PB 0x000000074d800000| Untracked |  0
|  93|0x000000074da00000, 0x000000074da00000, 0x000000074dc00000|  0%| F|  |TAMS 0x000000074da00000| PB 0x000000074da00000| Untracked |  0
|  94|0x000000074dc00000, 0x000000074ddbf7f0, 0x000000074de00000| 87%| E|  |TAMS 0x000000074dc00000| PB 0x000000074dc00000| Complete |  0

Card table byte_map: [0x000001a5e9240000,0x000001a5e9830000] _byte_map_base: 0x000001a5e5830000

Marking Bits: (CMBitMap*) 0x000001a5d162d6d0
 Bits: [0x000001a5e9830000, 0x000001a5ec7b0000)

Polling page: 0x000001a5cf530000

Metaspace:

Usage:
  Non-class:     14.45 MB used.
      Class:      1.99 MB used.
       Both:     16.44 MB used.

Virtual space:
  Non-class space:       64.00 MB reserved,      14.56 MB ( 23%) committed,  1 nodes.
      Class space:        1.00 GB reserved,       2.06 MB ( <1%) committed,  1 nodes.
             Both:        1.06 GB reserved,      16.62 MB (  2%) committed. 

Chunk freelists:
   Non-Class:  1.23 MB
       Class:  13.94 MB
        Both:  15.17 MB

MaxMetaspaceSize: unlimited
CompressedClassSpaceSize: 1.00 GB
Initial GC threshold: 21.00 MB
Current GC threshold: 21.00 MB
CDS: on
 - commit_granule_bytes: 65536.
 - commit_granule_words: 8192.
 - virtual_space_node_default_size: 8388608.
 - enlarge_chunks_in_place: 1.
 - use_allocation_guard: 0.


Internal statistics:

num_allocs_failed_limit: 0.
num_arena_births: 252.
num_arena_deaths: 0.
num_vsnodes_births: 2.
num_vsnodes_deaths: 0.
num_space_committed: 266.
num_space_uncommitted: 0.
num_chunks_returned_to_freelist: 0.
num_chunks_taken_from_freelist: 767.
num_chunk_merges: 0.
num_chunk_splits: 513.
num_chunks_enlarged: 361.
num_inconsistent_stats: 0.

CodeHeap 'non-profiled nmethods': size=120000Kb used=835Kb max_used=835Kb free=119164Kb
 bounds [0x000001a5e13e0000, 0x000001a5e1650000, 0x000001a5e8910000]
CodeHeap 'profiled nmethods': size=120000Kb used=3713Kb max_used=3713Kb free=116286Kb
 bounds [0x000001a5d9910000, 0x000001a5d9cc0000, 0x000001a5e0e40000]
CodeHeap 'non-nmethods': size=5760Kb used=1444Kb max_used=1474Kb free=4315Kb
 bounds [0x000001a5e0e40000, 0x000001a5e10b0000, 0x000001a5e13e0000]
 total_blobs=2575 nmethods=2044 adapters=435
 compilation: enabled
              stopped_count=0, restarted_count=0
 full_count=0

Compilation events (20 events):
Event: 1.501 Thread 0x000001a5ef1de460 2034       3       java.util.HashSet::contains (9 bytes)
Event: 1.502 Thread 0x000001a5ef1de460 nmethod 2034 0x000001a5d9c9f210 code [0x000001a5d9c9f3c0, 0x000001a5d9c9f5a0]
Event: 1.502 Thread 0x000001a5ef1de460 2033       3       java.lang.Class::getInterfaces (6 bytes)
Event: 1.502 Thread 0x000001a5ef1de460 nmethod 2033 0x000001a5d9c9f690 code [0x000001a5d9c9f840, 0x000001a5d9c9f980]
Event: 1.503 Thread 0x000001a5ef1de460 2035       3       org.springframework.core.ResolvableType::asVariableResolver (18 bytes)
Event: 1.503 Thread 0x000001a5ef1de460 nmethod 2035 0x000001a5d9c9fa10 code [0x000001a5d9c9fbc0, 0x000001a5d9c9feb0]
Event: 1.503 Thread 0x000001a5ef1de460 2037       3       org.springframework.core.ResolvableType::resolve (16 bytes)
Event: 1.503 Thread 0x000001a5ef1de460 nmethod 2037 0x000001a5d9c9ff90 code [0x000001a5d9ca0120, 0x000001a5d9ca02a0]
Event: 1.503 Thread 0x000001a5ef1de460 2036       3       org.springframework.core.ResolvableType$DefaultVariableResolver::<init> (10 bytes)
Event: 1.503 Thread 0x000001a5ef1de460 nmethod 2036 0x000001a5d9ca0310 code [0x000001a5d9ca04a0, 0x000001a5d9ca0660]
Event: 1.504 Thread 0x000001a5ef1de460 2038       3       java.lang.invoke.LambdaForm$MH/0x000001a581001800::invoke (25 bytes)
Event: 1.504 Thread 0x000001a5ef1de460 nmethod 2038 0x000001a5d9ca0710 code [0x000001a5d9ca08c0, 0x000001a5d9ca0dd0]
Event: 1.504 Thread 0x000001a5ef1de460 2039       3       java.lang.invoke.MethodHandleNatives::linkCallSite (65 bytes)
Event: 1.505 Thread 0x000001a5ef1de460 nmethod 2039 0x000001a5d9ca0f10 code [0x000001a5d9ca10e0, 0x000001a5d9ca15d8]
Event: 1.505 Thread 0x000001a5ef1de460 2040       3       java.lang.invoke.MethodHandleNatives::linkCallSiteImpl (119 bytes)
Event: 1.505 Thread 0x000001a5ef1de460 nmethod 2040 0x000001a5d9ca1790 code [0x000001a5d9ca19c0, 0x000001a5d9ca2280]
Event: 1.505 Thread 0x000001a5ef1de460 2041   !   3       java.lang.invoke.CallSite::makeSite (95 bytes)
Event: 1.507 Thread 0x000001a5ef1de460 nmethod 2041 0x000001a5d9ca2610 code [0x000001a5d9ca2980, 0x000001a5d9ca3d98]
Event: 1.507 Thread 0x000001a5ef1de460 2042   !   3       java.lang.invoke.BootstrapMethodInvoker::invoke (974 bytes)
Event: 1.507 Thread 0x000001a5c53d2ea0 nmethod 2032 0x000001a5e14b0490 code [0x000001a5e14b0660, 0x000001a5e14b0aa8]

GC Heap History (4 events):
Event: 0.817 GC heap before
{Heap before GC invocations=0 (full 0):
 garbage-first heap   total reserved 3112960K, committed 194560K, used 22528K [0x0000000742000000, 0x0000000800000000)
  region size 2048K, 12 young (24576K), 0 survivors (0K)
 Metaspace       used 6558K, committed 6848K, reserved 1114112K
  class space    used 780K, committed 896K, reserved 1048576K
}
Event: 0.824 GC heap after
{Heap after GC invocations=1 (full 0):
 garbage-first heap   total reserved 3112960K, committed 194560K, used 6672K [0x0000000742000000, 0x0000000800000000)
  region size 2048K, 2 young (4096K), 2 survivors (4096K)
 Metaspace       used 6558K, committed 6848K, reserved 1114112K
  class space    used 780K, committed 896K, reserved 1048576K
}
Event: 1.484 GC heap before
{Heap before GC invocations=1 (full 0):
 garbage-first heap   total reserved 3112960K, committed 194560K, used 37392K [0x0000000742000000, 0x0000000800000000)
  region size 2048K, 18 young (36864K), 2 survivors (4096K)
 Metaspace       used 16487K, committed 16768K, reserved 1114112K
  class space    used 1994K, committed 2112K, reserved 1048576K
}
Event: 1.491 GC heap after
{Heap after GC invocations=2 (full 0):
 garbage-first heap   total reserved 3112960K, committed 194560K, used 9831K [0x0000000742000000, 0x0000000800000000)
  region size 2048K, 2 young (4096K), 2 survivors (4096K)
 Metaspace       used 16487K, committed 16768K, reserved 1114112K
  class space    used 1994K, committed 2112K, reserved 1048576K
}

Dll operation events (11 events):
Event: 0.010 Loaded shared library C:\Program Files\Java\jdk-22\bin\java.dll
Event: 0.041 Loaded shared library C:\Program Files\Java\jdk-22\bin\jsvml.dll
Event: 0.132 Loaded shared library C:\Program Files\Java\jdk-22\bin\zip.dll
Event: 0.135 Loaded shared library C:\Program Files\Java\jdk-22\bin\instrument.dll
Event: 0.140 Loaded shared library C:\Program Files\Java\jdk-22\bin\net.dll
Event: 0.142 Loaded shared library C:\Program Files\Java\jdk-22\bin\nio.dll
Event: 0.145 Loaded shared library C:\Program Files\Java\jdk-22\bin\zip.dll
Event: 0.232 Loaded shared library C:\Program Files\JetBrains\IntelliJ IDEA Community Edition 2024.1.4\bin\breakgen64.dll
Event: 0.246 Loaded shared library C:\Program Files\Java\jdk-22\bin\extnet.dll
Event: 0.280 Loaded shared library C:\Program Files\Java\jdk-22\bin\jimage.dll
Event: 1.100 Loaded shared library C:\Program Files\Java\jdk-22\bin\le.dll

Deoptimization events (20 events):
Event: 1.444 Thread 0x000001a5d15d6c30 DEOPT PACKING pc=0x000001a5e14a6530 sp=0x00000006585fe470
Event: 1.444 Thread 0x000001a5d15d6c30 DEOPT UNPACKING pc=0x000001a5e0e946a2 sp=0x00000006585fe410 mode 2
Event: 1.444 Thread 0x000001a5d15d6c30 Uncommon trap: trap_request=0xffffff45 fr.pc=0x000001a5e1454a14 relative=0x00000000000001d4
Event: 1.444 Thread 0x000001a5d15d6c30 Uncommon trap: reason=unstable_if action=reinterpret pc=0x000001a5e1454a14 method=java.util.concurrent.ConcurrentHashMap.addCount(JI)V @ 171 c2
Event: 1.444 Thread 0x000001a5d15d6c30 DEOPT PACKING pc=0x000001a5e1454a14 sp=0x00000006585fe580
Event: 1.444 Thread 0x000001a5d15d6c30 DEOPT UNPACKING pc=0x000001a5e0e946a2 sp=0x00000006585fe4c0 mode 2
Event: 1.463 Thread 0x000001a5ef1d1f80 DEOPT PACKING pc=0x000001a5d9a326da sp=0x0000000659ffe030
Event: 1.463 Thread 0x000001a5ef1d1f80 DEOPT UNPACKING pc=0x000001a5e0e94e42 sp=0x0000000659ffd4c0 mode 0
Event: 1.468 Thread 0x000001a5ef1d1f80 Uncommon trap: trap_request=0xffffffc6 fr.pc=0x000001a5e149cac4 relative=0x0000000000000784
Event: 1.468 Thread 0x000001a5ef1d1f80 Uncommon trap: reason=bimorphic_or_optimized_type_check action=maybe_recompile pc=0x000001a5e149cac4 method=java.util.regex.Pattern$Start.match(Ljava/util/regex/Matcher;ILjava/lang/CharSequence;)Z @ 44 c2
Event: 1.468 Thread 0x000001a5ef1d1f80 DEOPT PACKING pc=0x000001a5e149cac4 sp=0x0000000659ffe0a0
Event: 1.468 Thread 0x000001a5ef1d1f80 DEOPT UNPACKING pc=0x000001a5e0e946a2 sp=0x0000000659ffe060 mode 2
Event: 1.468 Thread 0x000001a5ef1d1f80 Uncommon trap: trap_request=0xffffffc6 fr.pc=0x000001a5e149cac4 relative=0x0000000000000784
Event: 1.468 Thread 0x000001a5ef1d1f80 Uncommon trap: reason=bimorphic_or_optimized_type_check action=maybe_recompile pc=0x000001a5e149cac4 method=java.util.regex.Pattern$Start.match(Ljava/util/regex/Matcher;ILjava/lang/CharSequence;)Z @ 44 c2
Event: 1.468 Thread 0x000001a5ef1d1f80 DEOPT PACKING pc=0x000001a5e149cac4 sp=0x0000000659ffe0a0
Event: 1.468 Thread 0x000001a5ef1d1f80 DEOPT UNPACKING pc=0x000001a5e0e946a2 sp=0x0000000659ffe060 mode 2
Event: 1.468 Thread 0x000001a5ef1d1f80 Uncommon trap: trap_request=0xffffff6e fr.pc=0x000001a5e149cb04 relative=0x00000000000007c4
Event: 1.468 Thread 0x000001a5ef1d1f80 Uncommon trap: reason=loop_limit_check action=maybe_recompile pc=0x000001a5e149cb04 method=java.util.regex.Pattern$Start.match(Ljava/util/regex/Matcher;ILjava/lang/CharSequence;)Z @ 34 c2
Event: 1.468 Thread 0x000001a5ef1d1f80 DEOPT PACKING pc=0x000001a5e149cb04 sp=0x0000000659ffe0a0
Event: 1.468 Thread 0x000001a5ef1d1f80 DEOPT UNPACKING pc=0x000001a5e0e946a2 sp=0x0000000659ffe070 mode 2

Classes loaded (20 events):
Event: 1.497 Loading class java/beans/MethodRef
Event: 1.497 Loading class java/beans/MethodRef done
Event: 1.497 Loading class java/beans/SimpleBeanInfo
Event: 1.497 Loading class java/beans/SimpleBeanInfo done
Event: 1.500 Loading class com/sun/beans/TypeResolver
Event: 1.500 Loading class com/sun/beans/TypeResolver done
Event: 1.500 Loading class com/sun/beans/WeakCache
Event: 1.500 Loading class com/sun/beans/WeakCache done
Event: 1.500 Loading class sun/reflect/generics/scope/MethodScope
Event: 1.500 Loading class sun/reflect/generics/scope/MethodScope done
Event: 1.500 Loading class sun/reflect/generics/repository/MethodRepository
Event: 1.500 Loading class java/util/regex/Pattern$Pos
Event: 1.500 Loading class sun/reflect/generics/repository/MethodRepository done
Event: 1.500 Loading class java/util/regex/Pattern$Pos done
Event: 1.500 Loading class com/sun/beans/WildcardTypeImpl
Event: 1.500 Loading class com/sun/beans/WildcardTypeImpl done
Event: 1.501 Loading class java/util/AbstractList$ListItr
Event: 1.501 Loading class java/util/AbstractList$Itr
Event: 1.501 Loading class java/util/AbstractList$Itr done
Event: 1.501 Loading class java/util/AbstractList$ListItr done

Classes unloaded (0 events):
No events

Classes redefined (0 events):
No events

Internal exceptions (20 events):
Event: 0.909 Thread 0x000001a5d15d6c30 Exception <a 'java/lang/NoSuchMethodError'{0x000000074db32000}: 'java.lang.Object java.lang.invoke.DirectMethodHandle$Holder.newInvokeSpecial(java.lang.Object, int, java.lang.Object)'> (0x000000074db32000) 
thrown [s\open\src\hotspot\share\interpreter\linkResolver.cpp, line 774]
Event: 0.909 Thread 0x000001a5d15d6c30 Exception <a 'java/lang/NoSuchMethodError'{0x000000074db36c28}: 'int java.lang.invoke.DirectMethodHandle$Holder.invokeSpecialIFC(java.lang.Object, java.lang.Object, java.lang.Object, java.lang.Object)'> (0x000000074db36c28) 
thrown [s\open\src\hotspot\share\interpreter\linkResolver.cpp, line 774]
Event: 0.935 Thread 0x000001a5d15d6c30 Exception <a 'java/lang/NoSuchMethodError'{0x000000074d808f88}: 'void java.lang.invoke.DirectMethodHandle$Holder.invokeInterface(java.lang.Object, java.lang.Object, java.lang.Object)'> (0x000000074d808f88) 
thrown [s\open\src\hotspot\share\interpreter\linkResolver.cpp, line 774]
Event: 0.955 Thread 0x000001a5d15d6c30 Exception <a 'java/lang/NoSuchMethodError'{0x000000074d890f28}: 'void java.lang.invoke.DirectMethodHandle$Holder.invokeStaticInit(java.lang.Object, java.lang.Object, java.lang.Object)'> (0x000000074d890f28) 
thrown [s\open\src\hotspot\share\interpreter\linkResolver.cpp, line 774]
Event: 0.962 Thread 0x000001a5d15d6c30 Exception <a 'java/lang/NoSuchMethodError'{0x000000074d8d5cf8}: 'java.lang.Object java.lang.invoke.DirectMethodHandle$Holder.invokeVirtual(java.lang.Object, java.lang.Object, java.lang.Object)'> (0x000000074d8d5cf8) 
thrown [s\open\src\hotspot\share\interpreter\linkResolver.cpp, line 774]
Event: 0.968 Thread 0x000001a5d15d6c30 Exception <a 'java/lang/NoSuchMethodError'{0x000000074d8f7690}: 'java.lang.Object java.lang.invoke.DirectMethodHandle$Holder.invokeStatic(java.lang.Object, long, java.lang.Object)'> (0x000000074d8f7690) 
thrown [s\open\src\hotspot\share\interpreter\linkResolver.cpp, line 774]
Event: 0.968 Thread 0x000001a5d15d6c30 Exception <a 'java/lang/NoSuchMethodError'{0x000000074d8fad18}: 'java.lang.Object java.lang.invoke.DirectMethodHandle$Holder.invokeStaticInit(java.lang.Object, long, java.lang.Object)'> (0x000000074d8fad18) 
thrown [s\open\src\hotspot\share\interpreter\linkResolver.cpp, line 774]
Event: 0.969 Thread 0x000001a5d15d6c30 Exception <a 'java/lang/NoSuchMethodError'{0x000000074d9005d8}: 'java.lang.Object java.lang.invoke.DirectMethodHandle$Holder.newInvokeSpecial(java.lang.Object, long)'> (0x000000074d9005d8) 
thrown [s\open\src\hotspot\share\interpreter\linkResolver.cpp, line 774]
Event: 0.989 Thread 0x000001a5d15d6c30 Exception <a 'java/lang/NoSuchMethodError'{0x000000074d961738}: 'void java.lang.invoke.DirectMethodHandle$Holder.invokeVirtual(java.lang.Object, java.lang.Object, java.lang.Object, java.lang.Object)'> (0x000000074d961738) 
thrown [s\open\src\hotspot\share\interpreter\linkResolver.cpp, line 774]
Event: 1.058 Thread 0x000001a5d15d6c30 Exception <a 'java/lang/NoSuchMethodError'{0x000000074d6a5980}: 'void java.lang.invoke.DirectMethodHandle$Holder.invokeSpecial(java.lang.Object, java.lang.Object, java.lang.Object)'> (0x000000074d6a5980) 
thrown [s\open\src\hotspot\share\interpreter\linkResolver.cpp, line 774]
Event: 1.068 Thread 0x000001a5ef1d1f80 Exception <a 'java/lang/NoClassDefFoundError'{0x000000074d7a5258}: jakarta/validation/Validation> (0x000000074d7a5258) 
thrown [s\open\src\hotspot\share\classfile\systemDictionary.cpp, line 302]
Event: 1.069 Thread 0x000001a5d15d6c30 Exception <a 'java/lang/IncompatibleClassChangeError'{0x000000074d7c82a8}: Found class java.lang.Object, but interface was expected> (0x000000074d7c82a8) 
thrown [s\open\src\hotspot\share\interpreter\linkResolver.cpp, line 841]
Event: 1.077 Thread 0x000001a5d15d6c30 Exception <a 'java/lang/NoSuchMethodError'{0x000000074d7db468}: 'java.lang.Object java.lang.invoke.DirectMethodHandle$Holder.invokeStaticInit(java.lang.Object, int)'> (0x000000074d7db468) 
thrown [s\open\src\hotspot\share\interpreter\linkResolver.cpp, line 774]
Event: 1.079 Thread 0x000001a5d15d6c30 Exception <a 'java/lang/NoSuchMethodError'{0x000000074d7e5960}: 'java.lang.Object java.lang.invoke.DirectMethodHandle$Holder.invokeStatic(java.lang.Object, int, java.lang.Object)'> (0x000000074d7e5960) 
thrown [s\open\src\hotspot\share\interpreter\linkResolver.cpp, line 774]
Event: 1.079 Thread 0x000001a5d15d6c30 Exception <a 'java/lang/NoSuchMethodError'{0x000000074d7e8fe0}: 'java.lang.Object java.lang.invoke.DirectMethodHandle$Holder.invokeStaticInit(java.lang.Object, int, java.lang.Object)'> (0x000000074d7e8fe0) 
thrown [s\open\src\hotspot\share\interpreter\linkResolver.cpp, line 774]
Event: 1.092 Thread 0x000001a5d15d6c30 Exception <a 'sun/nio/fs/WindowsException'{0x000000074d4ae710}> (0x000000074d4ae710) 
thrown [s\open\src\hotspot\share\prims\jni.cpp, line 520]
Event: 1.104 Thread 0x000001a5d15d6c30 Exception <a 'jdk/internal/org/jline/terminal/impl/jna/LastErrorException'{0x000000074d4badb0}> (0x000000074d4badb0) 
thrown [s\open\src\hotspot\share\prims\jni.cpp, line 520]
Event: 1.104 Thread 0x000001a5d15d6c30 Exception <a 'jdk/internal/org/jline/terminal/impl/jna/LastErrorException'{0x000000074d4bb470}> (0x000000074d4bb470) 
thrown [s\open\src\hotspot\share\prims\jni.cpp, line 520]
Event: 1.104 Thread 0x000001a5d15d6c30 Exception <a 'jdk/internal/org/jline/terminal/impl/jna/LastErrorException'{0x000000074d4bbae0}> (0x000000074d4bbae0) 
thrown [s\open\src\hotspot\share\prims\jni.cpp, line 520]
Event: 1.202 Thread 0x000001a5d15d6c30 Exception <a 'java/lang/NoSuchMethodError'{0x000000074d066630}: 'int java.lang.invoke.DirectMethodHandle$Holder.invokeVirtual(java.lang.Object, java.lang.Object)'> (0x000000074d066630) 
thrown [s\open\src\hotspot\share\interpreter\linkResolver.cpp, line 774]

ZGC Phase Switch (0 events):
No events

VM Operations (20 events):
Event: 0.817 Executing VM operation: G1CollectForAllocation (G1 Evacuation Pause)
Event: 0.824 Executing VM operation: G1CollectForAllocation (G1 Evacuation Pause) done
Event: 0.882 Executing VM operation: HandshakeAllThreads (Deoptimize)
Event: 0.882 Executing VM operation: HandshakeAllThreads (Deoptimize) done
Event: 1.039 Executing VM operation: HandshakeAllThreads (Deoptimize)
Event: 1.039 Executing VM operation: HandshakeAllThreads (Deoptimize) done
Event: 1.040 Executing VM operation: HandshakeAllThreads (Deoptimize)
Event: 1.040 Executing VM operation: HandshakeAllThreads (Deoptimize) done
Event: 1.051 Executing VM operation: HandshakeAllThreads (Deoptimize)
Event: 1.051 Executing VM operation: HandshakeAllThreads (Deoptimize) done
Event: 1.052 Executing VM operation: HandshakeAllThreads (Deoptimize)
Event: 1.052 Executing VM operation: HandshakeAllThreads (Deoptimize) done
Event: 1.159 Executing VM operation: ICBufferFull
Event: 1.159 Executing VM operation: ICBufferFull done
Event: 1.306 Executing VM operation: HandshakeAllThreads (Deoptimize)
Event: 1.306 Executing VM operation: HandshakeAllThreads (Deoptimize) done
Event: 1.459 Executing VM operation: HandshakeAllThreads (Deoptimize)
Event: 1.459 Executing VM operation: HandshakeAllThreads (Deoptimize) done
Event: 1.484 Executing VM operation: G1CollectForAllocation (G1 Evacuation Pause)
Event: 1.491 Executing VM operation: G1CollectForAllocation (G1 Evacuation Pause) done

Events (15 events):
Event: 0.026 Thread 0x000001a5d15d6c30 Thread added: 0x000001a5d15d6c30
Event: 0.038 Thread 0x000001a5ef1c21e0 Thread added: 0x000001a5ef1c21e0
Event: 0.038 Thread 0x000001a5ef1c2e40 Thread added: 0x000001a5ef1c2e40
Event: 0.038 Thread 0x000001a5ef1c5f50 Thread added: 0x000001a5ef1c5f50
Event: 0.038 Thread 0x000001a5ef1c8d40 Thread added: 0x000001a5ef1c8d40
Event: 0.038 Thread 0x000001a5ef1cc160 Thread added: 0x000001a5ef1cc160
Event: 0.039 Thread 0x000001a5ef1d0bd0 Thread added: 0x000001a5ef1d0bd0
Event: 0.039 Thread 0x000001a5ef1d9590 Thread added: 0x000001a5ef1d9590
Event: 0.039 Thread 0x000001a5ef1de460 Thread added: 0x000001a5ef1de460
Event: 0.111 Thread 0x000001a5ef1d0540 Thread added: 0x000001a5ef1d0540
Event: 0.126 Thread 0x000001a5c5312fe0 Thread added: 0x000001a5c5312fe0
Event: 0.175 Thread 0x000001a5c53d2ea0 Thread added: 0x000001a5c53d2ea0
Event: 0.233 Thread 0x000001a5ef1d18f0 Thread added: 0x000001a5ef1d18f0
Event: 0.233 Thread 0x000001a5ef1d1260 Thread added: 0x000001a5ef1d1260
Event: 1.065 Thread 0x000001a5ef1d1f80 Thread added: 0x000001a5ef1d1f80


Dynamic libraries:
0x00007ff6c5ee0000 - 0x00007ff6c5ef0000 	C:\Program Files\Java\jdk-22\bin\java.exe
0x00007ff947090000 - 0x00007ff9472a7000 	C:\WINDOWS\SYSTEM32\ntdll.dll
0x00007ff945c60000 - 0x00007ff945d24000 	C:\WINDOWS\System32\KERNEL32.DLL
0x00007ff9449f0000 - 0x00007ff944d9c000 	C:\WINDOWS\System32\KERNELBASE.dll
0x00007ff944760000 - 0x00007ff944871000 	C:\WINDOWS\System32\ucrtbase.dll
0x00007ff937430000 - 0x00007ff937447000 	C:\Program Files\Java\jdk-22\bin\jli.dll
0x00007ff93c100000 - 0x00007ff93c11b000 	C:\Program Files\Java\jdk-22\bin\VCRUNTIME140.dll
0x00007ff946f90000 - 0x00007ff947042000 	C:\WINDOWS\System32\ADVAPI32.dll
0x00007ff946270000 - 0x00007ff946317000 	C:\WINDOWS\System32\msvcrt.dll
0x00007ff9467b0000 - 0x00007ff94685a000 	C:\WINDOWS\System32\sechost.dll
0x00007ff9449c0000 - 0x00007ff9449e8000 	C:\WINDOWS\System32\bcrypt.dll
0x00007ff945f50000 - 0x00007ff946065000 	C:\WINDOWS\System32\RPCRT4.dll
0x00007ff946510000 - 0x00007ff9466be000 	C:\WINDOWS\System32\USER32.dll
0x00007ff924680000 - 0x00007ff924913000 	C:\WINDOWS\WinSxS\amd64_microsoft.windows.common-controls_6595b64144ccf1df_6.0.22621.3672_none_2713b9d173822955\COMCTL32.dll
0x00007ff944da0000 - 0x00007ff944dc6000 	C:\WINDOWS\System32\win32u.dll
0x00007ff946860000 - 0x00007ff946889000 	C:\WINDOWS\System32\GDI32.dll
0x00007ff9443c0000 - 0x00007ff9444d9000 	C:\WINDOWS\System32\gdi32full.dll
0x00007ff9444e0000 - 0x00007ff94457a000 	C:\WINDOWS\System32\msvcp_win.dll
0x00007ff93bb50000 - 0x00007ff93bb5a000 	C:\WINDOWS\SYSTEM32\VERSION.dll
0x00007ff9466d0000 - 0x00007ff946701000 	C:\WINDOWS\System32\IMM32.DLL
0x00007ff941a30000 - 0x00007ff941a3c000 	C:\Program Files\Java\jdk-22\bin\vcruntime140_1.dll
0x00007ff9272f0000 - 0x00007ff92737e000 	C:\Program Files\Java\jdk-22\bin\msvcp140.dll
0x00007ff8d7a10000 - 0x00007ff8d8757000 	C:\Program Files\Java\jdk-22\bin\server\jvm.dll
0x00007ff9463c0000 - 0x00007ff946431000 	C:\WINDOWS\System32\WS2_32.dll
0x00007ff944280000 - 0x00007ff9442cd000 	C:\WINDOWS\SYSTEM32\POWRPROF.dll
0x00007ff938650000 - 0x00007ff938684000 	C:\WINDOWS\SYSTEM32\WINMM.dll
0x00007ff944260000 - 0x00007ff944273000 	C:\WINDOWS\SYSTEM32\UMPDC.dll
0x00007ff9433b0000 - 0x00007ff9433c8000 	C:\WINDOWS\SYSTEM32\kernel.appcore.dll
0x00007ff937420000 - 0x00007ff93742a000 	C:\Program Files\Java\jdk-22\bin\jimage.dll
0x00007ff93f5f0000 - 0x00007ff93f822000 	C:\WINDOWS\SYSTEM32\DBGHELP.DLL
0x00007ff944dd0000 - 0x00007ff945158000 	C:\WINDOWS\System32\combase.dll
0x00007ff945b80000 - 0x00007ff945c57000 	C:\WINDOWS\System32\OLEAUT32.dll
0x00007ff93c7a0000 - 0x00007ff93c7d2000 	C:\WINDOWS\SYSTEM32\dbgcore.DLL
0x00007ff944940000 - 0x00007ff9449bb000 	C:\WINDOWS\System32\bcryptPrimitives.dll
0x00007ff93c340000 - 0x00007ff93c34f000 	C:\Program Files\Java\jdk-22\bin\instrument.dll
0x00007ff927170000 - 0x00007ff92718e000 	C:\Program Files\Java\jdk-22\bin\java.dll
0x00007ff945160000 - 0x00007ff9459bc000 	C:\WINDOWS\System32\SHELL32.dll
0x00007ff946d80000 - 0x00007ff946f25000 	C:\WINDOWS\System32\ole32.dll
0x00007ff9422c0000 - 0x00007ff942bb7000 	C:\WINDOWS\SYSTEM32\windows.storage.dll
0x00007ff942180000 - 0x00007ff9422bf000 	C:\WINDOWS\SYSTEM32\wintypes.dll
0x00007ff946170000 - 0x00007ff946264000 	C:\WINDOWS\System32\SHCORE.dll
0x00007ff945d30000 - 0x00007ff945d8e000 	C:\WINDOWS\System32\shlwapi.dll
0x00007ff9442f0000 - 0x00007ff944311000 	C:\WINDOWS\SYSTEM32\profapi.dll
0x00007ff900640000 - 0x00007ff900717000 	C:\Program Files\Java\jdk-22\bin\jsvml.dll
0x00007ff917c70000 - 0x00007ff917c87000 	C:\Program Files\Java\jdk-22\bin\zip.dll
0x00007ff9318b0000 - 0x00007ff9318c0000 	C:\Program Files\Java\jdk-22\bin\net.dll
0x00007ff943810000 - 0x00007ff943879000 	C:\WINDOWS\system32\mswsock.dll
0x00007ff91ae60000 - 0x00007ff91ae76000 	C:\Program Files\Java\jdk-22\bin\nio.dll
0x00007ff93c0a0000 - 0x00007ff93c0ba000 	C:\Program Files\JetBrains\IntelliJ IDEA Community Edition 2024.1.4\bin\breakgen64.dll
0x00007ff9315b0000 - 0x00007ff9315b9000 	C:\Program Files\Java\jdk-22\bin\extnet.dll
0x00007ff93c090000 - 0x00007ff93c09b000 	C:\Program Files\Java\jdk-22\bin\le.dll

dbghelp: loaded successfully - version: 4.0.5 - missing functions: none
symbol engine: initialized successfully - sym options: 0x614 - pdb path: .;C:\Program Files\Java\jdk-22\bin;C:\WINDOWS\SYSTEM32;C:\WINDOWS\WinSxS\amd64_microsoft.windows.common-controls_6595b64144ccf1df_6.0.22621.3672_none_2713b9d173822955;C:\Program Files\Java\jdk-22\bin\server;C:\Program Files\JetBrains\IntelliJ IDEA Community Edition 2024.1.4\bin

VM Arguments:
jvm_args: -Dvisualvm.id=131307213968200 -javaagent:C:\Program Files\JetBrains\IntelliJ IDEA Community Edition 2024.1.4\lib\idea_rt.jar=49989:C:\Program Files\JetBrains\IntelliJ IDEA Community Edition 2024.1.4\bin -Dfile.encoding=UTF-8 -Dsun.stdout.encoding=UTF-8 -Dsun.stderr.encoding=UTF-8 
java_command: com.hcltech.productservice.ProductServiceApplication
java_class_path (initial): G:\new_projects\product-service\target\classes;C:\Users\Ajay\.m2\repository\org\springframework\boot\spring-boot-starter-data-jpa\3.3.1\spring-boot-starter-data-jpa-3.3.1.jar;C:\Users\Ajay\.m2\repository\org\springframework\boot\spring-boot-starter-aop\3.3.1\spring-boot-starter-aop-3.3.1.jar;C:\Users\Ajay\.m2\repository\org\springframework\spring-aop\6.1.10\spring-aop-6.1.10.jar;C:\Users\Ajay\.m2\repository\org\aspectj\aspectjweaver\1.9.22\aspectjweaver-1.9.22.jar;C:\Users\Ajay\.m2\repository\org\springframework\boot\spring-boot-starter-jdbc\3.3.1\spring-boot-starter-jdbc-3.3.1.jar;C:\Users\Ajay\.m2\repository\com\zaxxer\HikariCP\5.1.0\HikariCP-5.1.0.jar;C:\Users\Ajay\.m2\repository\org\springframework\spring-jdbc\6.1.10\spring-jdbc-6.1.10.jar;C:\Users\Ajay\.m2\repository\org\hibernate\orm\hibernate-core\6.5.2.Final\hibernate-core-6.5.2.Final.jar;C:\Users\Ajay\.m2\repository\jakarta\persistence\jakarta.persistence-api\3.1.0\jakarta.persistence-api-3.1.0.jar;C:\Users\Ajay\.m2\repository\jakarta\transaction\jakarta.transaction-api\2.0.1\jakarta.transaction-api-2.0.1.jar;C:\Users\Ajay\.m2\repository\org\jboss\logging\jboss-logging\3.5.3.Final\jboss-logging-3.5.3.Final.jar;C:\Users\Ajay\.m2\repository\org\hibernate\common\hibernate-commons-annotations\6.0.6.Final\hibernate-commons-annotations-6.0.6.Final.jar;C:\Users\Ajay\.m2\repository\io\smallrye\jandex\3.1.2\jandex-3.1.2.jar;C:\Users\Ajay\.m2\repository\com\fasterxml\classmate\1.7.0\classmate-1.7.0.jar;C:\Users\Ajay\.m2\repository\net\bytebuddy\byte-buddy\1.14.17\byte-buddy-1.14.17.jar;C:\Users\Ajay\.m2\repository\org\glassfish\jaxb\jaxb-runtime\4.0.5\jaxb-runtime-4.0.5.jar;C:\Users\Ajay\.m2\repository\org\glassfish\jaxb\jaxb-core\4.0.5\jaxb-core-4.0.5.jar;C:\Users\Ajay\.m2\repository\org\eclipse\angus\angus-activation\2.0.2\angus-activation-2.0.2.jar;C:\Users\Ajay\.m2\repository\org\glassfish\jaxb\txw2\4.0.5\txw2-4.0.5.jar;C:\Users\Ajay\.m2\repository\com\sun\istack\istack-commons-runtime\4.1.2\istack-commons-runtime-4.1.2.jar;C:\Users\Ajay\.m2\repository\jakarta\inject\jakarta.inject-api\2.0.1\jakarta.inject-api-2.0.1.jar;C:\Users\Ajay\.m2\repository\org\antlr\antlr4-runtime\4.13.0\antlr4-runtime-4.13.0.jar;C:\Users\Ajay\.m2\repository\org\springframework\data\spring-data-jpa\3.3.1\spring-data-jpa-3.3.1.jar;C:\Users\Ajay\.m2\repository\org\springframework\data\spring-data-commons\3.3.1\spring-data-commons-3.3.1.jar;C:\Users\Ajay\.m2\repository\org\springframework\spring-orm\6.1.10\spring-orm-6.1.10.jar;C:\Users\Ajay\.m2\repository\org\springframework\spring-context\6.1.10\spring-context-6.1.10.jar;C:\Users\Ajay\.m2\repository\org\springframework\spring-tx\6.1.10\spring-tx-6.1.10.jar;C:\Users\Ajay\.m2\repository\org\springframework\spring-beans\6.1.10\spring-beans-6.1.10.jar;C:\Users\Ajay\.m2\repository\jakarta\annotation\jakarta.annotation-api\2.1.1\jakarta.annotation-api-2.1.1.jar;C:\Users\Ajay\.m2\repository\org\slf4j\slf4j-api\2.0.13\slf4j-api-2.0.13.jar;C:\Users\Ajay\.m2\repository\org\springframework\spring-aspects\6.1.10\spring-aspects-6.1.10.jar;C:\Users\Ajay\.m2\repository\org\springframework\boot\spring-boot-starter-web\3.3.1\spring-boot-starter-web-3.3.1.jar;C:\Users\Ajay\.m2\repository\org\springframework\boot\spring-boot-starter\3.3.1\spring-boot-starter-3.3.1.jar;C:\Users\Ajay\.m2\repository\org\springframework\boot\spring-boot\3.3.1\spring-boot-3.3.1.jar;C:\Users\Ajay\.m2\repository\org\springframework\boot\spring-boot-autoconfigure\3.3.1\spring-boot-autoconfigure-3.3.1.jar;C:\Users\Ajay\.m2\repository\org\springframework\boot\spring-boot-starter-logging\3.3.1\spring-boot-starter-logging-3.3.1.jar;C:\Users\Ajay\.m2\repository\ch\qos\logback\logback-classic\1.5.6\logback-classic-1.5.6.jar;C:\Users\Ajay\.m2\repository\ch\qos\logback\logback-core\1.5.6\logback-core-1.5.6.jar;C:\Users\Ajay\.m2\repository\org\apache\logging\log4j\log4j-to-slf4j\2.23.1\log4j-to-slf4j-2.23.1.jar;C:\Users\Ajay\.m2\repository\org\apache\logging\log4j\log4j-api\2.23.1\log4j-api-2.23.1.jar;C:\Users\Ajay\.m2\repository\org\slf4j\jul-to-slf4j\2.0.13\jul-to-slf4j-2.0.13.jar;C:\Users\Ajay\.m2\repository\org\yaml\snakeyaml\2.2\snakeyaml-2.2.jar;C:\Users\Ajay\.m2\repository\org\springframework\boot\spring-boot-starter-json\3.3.1\spring-boot-starter-json-3.3.1.jar;C:\Users\Ajay\.m2\repository\com\fasterxml\jackson\core\jackson-databind\2.17.1\jackson-databind-2.17.1.jar;C:\Users\Ajay\.m2\repository\com\fasterxml\jackson\core\jackson-annotations\2.17.1\jackson-annotations-2.17.1.jar;C:\Users\Ajay\.m2\repository\com\fasterxml\jackson\core\jackson-core\2.17.1\jackson-core-2.17.1.jar;C:\Users\Ajay\.m2\repository\com\fasterxml\jackson\datatype\jackson-datatype-jdk8\2.17.1\jackson-datatype-jdk8-2.17.1.jar;C:\Users\Ajay\.m2\repository\com\fasterxml\jackson\datatype\jackson-datatype-jsr310\2.17.1\jackson-datatype-jsr310-2.17.1.jar;C:\Users\Ajay\.m2\repository\com\fasterxml\jackson\module\jackson-module-parameter-names\2.17.1\jackson-module-parameter-names-2.17.1.jar;C:\Users\Ajay\.m2\repository\org\springframework\boot\spring-boot-starter-tomcat\3.3.1\spring-boot-starter-tomcat-3.3.1.jar;C:\Users\Ajay\.m2\repository\org\apache\tomcat\embed\tomcat-embed-core\10.1.25\tomcat-embed-core-10.1.25.jar;C:\Users\Ajay\.m2\repository\org\apache\tomcat\embed\tomcat-embed-el\10.1.25\tomcat-embed-el-10.1.25.jar;C:\Users\Ajay\.m2\repository\org\apache\tomcat\embed\tomcat-embed-websocket\10.1.25\tomcat-embed-websocket-10.1.25.jar;C:\Users\Ajay\.m2\repository\org\springframework\spring-web\6.1.10\spring-web-6.1.10.jar;C:\Users\Ajay\.m2\repository\io\micrometer\micrometer-observation\1.13.1\micrometer-observation-1.13.1.jar;C:\Users\Ajay\.m2\repository\io\micrometer\micrometer-commons\1.13.1\micrometer-commons-1.13.1.jar;C:\Users\Ajay\.m2\repository\org\springframework\spring-webmvc\6.1.10\spring-webmvc-6.1.10.jar;C:\Users\Ajay\.m2\repository\org\springframework\spring-expression\6.1.10\spring-expression-6.1.10.jar;C:\Users\Ajay\.m2\repository\com\mysql\mysql-connector-j\8.3.0\mysql-connector-j-8.3.0.jar;C:\Users\Ajay\.m2\repository\org\projectlombok\lombok\1.18.32\lombok-1.18.32.jar;C:\Users\Ajay\.m2\repository\jakarta\xml\bind\jakarta.xml.bind-api\4.0.2\jakarta.xml.bind-api-4.0.2.jar;C:\Users\Ajay\.m2\repository\jakarta\activation\jakarta.activation-api\2.1.3\jakarta.activation-api-2.1.3.jar;C:\Users\Ajay\.m2\repository\org\springframework\spring-core\6.1.10\spring-core-6.1.10.jar;C:\Users\Ajay\.m2\repository\org\springframework\spring-jcl\6.1.10\spring-jcl-6.1.10.jar
Launcher Type: SUN_STANDARD

[Global flags]
     intx CICompilerCount                          = 4                                         {product} {ergonomic}
     uint ConcGCThreads                            = 2                                         {product} {ergonomic}
     uint G1ConcRefinementThreads                  = 8                                         {product} {ergonomic}
   size_t G1HeapRegionSize                         = 2097152                                   {product} {ergonomic}
   size_t InitialHeapSize                          = 199229440                                 {product} {ergonomic}
   size_t MarkStackSize                            = 4194304                                   {product} {ergonomic}
   size_t MaxHeapSize                              = 3187671040                                {product} {ergonomic}
   size_t MaxNewSize                               = 1912602624                                {product} {ergonomic}
   size_t MinHeapDeltaBytes                        = 2097152                                   {product} {ergonomic}
   size_t MinHeapSize                              = 8388608                                   {product} {ergonomic}
    uintx NonNMethodCodeHeapSize                   = 5839372                                {pd product} {ergonomic}
    uintx NonProfiledCodeHeapSize                  = 122909434                              {pd product} {ergonomic}
    uintx ProfiledCodeHeapSize                     = 122909434                              {pd product} {ergonomic}
    uintx ReservedCodeCacheSize                    = 251658240                              {pd product} {ergonomic}
     bool SegmentedCodeCache                       = true                                      {product} {ergonomic}
   size_t SoftMaxHeapSize                          = 3187671040                             {manageable} {ergonomic}
     bool UseCompressedOops                        = true                           {product lp64_product} {ergonomic}
     bool UseG1GC                                  = true                                      {product} {ergonomic}
     bool UseLargePagesIndividualAllocation        = false                                  {pd product} {ergonomic}

Logging:
Log output configuration:
 #0: stdout all=warning uptime,level,tags foldmultilines=false
 #1: stderr all=off uptime,level,tags foldmultilines=false

Environment Variables:
PATH=C:\Program Files\Common Files\Oracle\Java\javapath;C:\Python27\;C:\Python27\Scripts;C:\Program Files (x86)\Intel\Intel(R) Management Engine Components\iCLS\;C:\Program Files\Intel\Intel(R) Management Engine Components\iCLS\;C:\WINDOWS\system32;C:\WINDOWS;C:\WINDOWS\System32\Wbem;C:\WINDOWS\System32\WindowsPowerShell\v1.0\;C:\WINDOWS\System32\OpenSSH\;C:\Program Files (x86)\Brackets\command;C:\Program Files\nodejs\;C:\ProgramData\chocolatey\bin;"%JAVA_HOME%\bin;C:\Program Files\Common Files\Oracle\Java\javapath;C:\Python27\;C:\Python27\Scripts;C:\Program Files (x86)\Intel\Intel(R) Management Engine Components\iCLS\;C:\Program Files\Intel\Intel(R) Management Engine Components\iCLS\;C:\WINDOWS\system32;C:\WINDOWS;C:\WINDOWS\System32\Wbem;C:\WINDOWS\System32\WindowsPowerShell\v1.0\;C:\WINDOWS\System32\OpenSSH\;C:\Program Files (x86)\Brackets\command;C:\Program Files\nodejs\;C:\ProgramData\chocolatey\bin;"%JAVA_HOME%\bin;C:\Program Files\Common Files\Oracle\Java\javapath;C:\Python27\;C:\Python27\Scripts;C:\Program Files (x86)\Intel\Intel(R) Management Engine Components\iCLS\;C:\Program Files\Intel\Intel(R) Management Engine Components\iCLS\;C:\WINDOWS\system32;C:\WINDOWS;C:\WINDOWS\System32\Wbem;C:\WINDOWS\System32\WindowsPowerShell\v1.0\;C:\WINDOWS\System32\OpenSSH\;C:\Program Files (x86)\Brackets\command;C:\Program Files\nodejs\;C:\ProgramData\chocolatey\bin;"%JAVA_HOME%\bin;C:\WINDOWS\System32";C:\Program Files\GitHub CLI\;C:\Program Files\Docker\Docker\resources\bin;C:\ProgramData\DockerDesktop\version-bin";C:\Program Files\GitHub CLI\;C:\Program Files\Docker\Docker\resources\bin;C:\ProgramData\DockerDesktop\version-bin";C:\Program Files\GitHub CLI\;C:\Program Files\Docker\Docker\resources\bin;C:\Users\Ajay\AppData\Local\Programs\Python\Python37-32\Scripts\;C:\Users\Ajay\AppData\Local\Programs\Python\Python37-32\;E:\NLP_Files\apache-opennlp-1.9.0\bin;C:\Program Files\apache-maven-3.6.1\bin;%JAVA_HOME%\jdk1.8.0_181\bin;C:\Users\Ajay\AppData\Local\Programs\Microsoft VS Code\bin;C:\Users\Ajay\AppData\Roaming\npm;C:\Users\Ajay\AppData\Local\Microsoft\WindowsApps;;C:\Program Files\JetBrains\IntelliJ IDEA 2024.1.4\bin;;C:\Program Files\JetBrains\IntelliJ IDEA Community Edition 2024.1.4\bin;
USERNAME=Ajay
OS=Windows_NT
PROCESSOR_IDENTIFIER=Intel64 Family 6 Model 142 Stepping 10, GenuineIntel
TMP=C:\Users\Ajay\AppData\Local\Temp
TEMP=C:\Users\Ajay\AppData\Local\Temp




Periodic native trim disabled

---------------  S Y S T E M  ---------------

OS:
 Windows 11 , 64 bit Build 22621 (10.0.22621.3672)
OS uptime: 1 days 12:28 hours
Hyper-V role detected

CPU: total 8 (initial active 8) (4 cores per cpu, 2 threads per core) family 6 model 142 stepping 10 microcode 0xe0, cx8, cmov, fxsr, ht, mmx, 3dnowpref, sse, sse2, sse3, ssse3, sse4.1, sse4.2, popcnt, lzcnt, tsc, tscinvbit, avx, avx2, aes, erms, clmul, bmi1, bmi2, adx, fma, vzeroupper, clflush, clflushopt, hv, rdtscp, f16c
Processor Information for all 8 processors :
  Max Mhz: 1801, Current Mhz: 1801, Mhz Limit: 1801

Memory: 4k page, system-wide physical 12154M (1831M free)
TotalPageFile size 18298M (AvailPageFile size 3M)
current process WorkingSet (physical memory assigned to process): 125M, peak: 125M
current process commit charge ("private bytes"): 311M, peak: 311M

vm_info: Java HotSpot(TM) 64-Bit Server VM (22.0.1+8-16) for windows-amd64 JRE (22.0.1+8-16), built on 2024-03-12T10:33:16Z by "mach5one" with MS VC++ 17.6 (VS2022)

END.
